<?xml version="1.0" encoding="UTF-8"?>
<testsuite xmlns:xsi="http://www.w3.org/2001/XMLSchema-instance" xsi:schemaLocation="https://maven.apache.org/surefire/maven-surefire-plugin/xsd/surefire-test-report.xsd" name="com.flow.gameFlow.RunnerTest" time="188.173" tests="110" errors="0" skipped="3" failures="2">
  <properties>
    <property name="java.runtime.name" value="Java(TM) SE Runtime Environment"/>
    <property name="sun.boot.library.path" value="C:\Program Files\Java\jdk1.8.0_231\jre\bin"/>
    <property name="java.vm.version" value="25.231-b11"/>
    <property name="java.vm.vendor" value="Oracle Corporation"/>
    <property name="maven.multiModuleProjectDirectory" value="C:\Selenium\Workspsace2\gameFlow"/>
    <property name="java.vendor.url" value="http://java.oracle.com/"/>
    <property name="path.separator" value=";"/>
    <property name="guice.disable.misplaced.annotation.check" value="true"/>
    <property name="java.vm.name" value="Java HotSpot(TM) 64-Bit Server VM"/>
    <property name="file.encoding.pkg" value="sun.io"/>
    <property name="user.script" value=""/>
    <property name="user.country" value="GB"/>
    <property name="sun.java.launcher" value="SUN_STANDARD"/>
    <property name="sun.os.patch.level" value=""/>
    <property name="java.vm.specification.name" value="Java Virtual Machine Specification"/>
    <property name="user.dir" value="C:\Selenium\Workspsace2\gameFlow"/>
    <property name="java.runtime.version" value="1.8.0_231-b11"/>
    <property name="java.awt.graphicsenv" value="sun.awt.Win32GraphicsEnvironment"/>
    <property name="java.endorsed.dirs" value="C:\Program Files\Java\jdk1.8.0_231\jre\lib\endorsed"/>
    <property name="os.arch" value="amd64"/>
    <property name="java.io.tmpdir" value="C:\Users\lyric\AppData\Local\Temp\"/>
    <property name="line.separator" value="&#10;"/>
    <property name="java.vm.specification.vendor" value="Oracle Corporation"/>
    <property name="user.variant" value=""/>
    <property name="os.name" value="Windows 10"/>
    <property name="classworlds.conf" value="C:\Selenium\apache-maven-3.6.3\bin\..\bin\m2.conf"/>
    <property name="sun.jnu.encoding" value="Cp1252"/>
    <property name="java.library.path" value="C:\Program Files\Java\jdk1.8.0_231\bin;C:\WINDOWS\Sun\Java\bin;C:\WINDOWS\system32;C:\WINDOWS;C:\Program Files (x86)\Common Files\Intel\Shared Libraries\redist\intel64_win\compiler;C:\Program Files (x86)\Common Files\Oracle\Java\javapath;C:\Program Files (x86)\Intel\Intel(R) Management Engine Components\iCLS\;C:\Program Files\Intel\Intel(R) Management Engine Components\iCLS\;C:\WINDOWS\system32;C:\WINDOWS;C:\WINDOWS\System32\Wbem;C:\WINDOWS\System32\WindowsPowerShell\v1.0\;C:\WINDOWS\System32\OpenSSH\;C:\Program Files (x86)\Intel\Intel(R) Management Engine Components\DAL;C:\Program Files\Intel\Intel(R) Management Engine Components\DAL;C:\Program Files\Intel\WiFi\bin\;C:\Program Files\Common Files\Intel\WirelessCommon\;C:\Program Files\Java\jdk1.8.0_231\bin;C:\Selenium\apache-maven-3.6.3\bin;C:\Users\lyric\AppData\Local\Microsoft\WindowsApps;;."/>
    <property name="maven.conf" value="C:\Selenium\apache-maven-3.6.3\bin\../conf"/>
    <property name="java.specification.name" value="Java Platform API Specification"/>
    <property name="java.class.version" value="52.0"/>
    <property name="sun.management.compiler" value="HotSpot 64-Bit Tiered Compilers"/>
    <property name="os.version" value="10.0"/>
    <property name="library.jansi.path" value="C:\Selenium\apache-maven-3.6.3\bin\..\lib\jansi-native"/>
    <property name="user.home" value="C:\Users\lyric"/>
    <property name="user.timezone" value="Europe/London"/>
    <property name="java.awt.printerjob" value="sun.awt.windows.WPrinterJob"/>
    <property name="java.specification.version" value="1.8"/>
    <property name="file.encoding" value="Cp1252"/>
    <property name="user.name" value="lyric"/>
    <property name="java.class.path" value="C:\Selenium\apache-maven-3.6.3\bin\..\boot\plexus-classworlds-2.6.0.jar"/>
    <property name="java.vm.specification.version" value="1.8"/>
    <property name="sun.arch.data.model" value="64"/>
    <property name="java.home" value="C:\Program Files\Java\jdk1.8.0_231\jre"/>
    <property name="sun.java.command" value="org.codehaus.plexus.classworlds.launcher.Launcher clean test"/>
    <property name="java.specification.vendor" value="Oracle Corporation"/>
    <property name="user.language" value="en"/>
    <property name="awt.toolkit" value="sun.awt.windows.WToolkit"/>
    <property name="java.vm.info" value="mixed mode"/>
    <property name="java.version" value="1.8.0_231"/>
    <property name="java.ext.dirs" value="C:\Program Files\Java\jdk1.8.0_231\jre\lib\ext;C:\WINDOWS\Sun\Java\lib\ext"/>
    <property name="sun.boot.class.path" value="C:\Program Files\Java\jdk1.8.0_231\jre\lib\resources.jar;C:\Program Files\Java\jdk1.8.0_231\jre\lib\rt.jar;C:\Program Files\Java\jdk1.8.0_231\jre\lib\sunrsasign.jar;C:\Program Files\Java\jdk1.8.0_231\jre\lib\jsse.jar;C:\Program Files\Java\jdk1.8.0_231\jre\lib\jce.jar;C:\Program Files\Java\jdk1.8.0_231\jre\lib\charsets.jar;C:\Program Files\Java\jdk1.8.0_231\jre\lib\jfr.jar;C:\Program Files\Java\jdk1.8.0_231\jre\classes"/>
    <property name="sun.stderr.encoding" value="cp437"/>
    <property name="java.vendor" value="Oracle Corporation"/>
    <property name="maven.home" value="C:\Selenium\apache-maven-3.6.3\bin\.."/>
    <property name="file.separator" value="\"/>
    <property name="java.vendor.url.bug" value="http://bugreport.sun.com/bugreport/"/>
    <property name="sun.cpu.endian" value="little"/>
    <property name="sun.io.unicode.encoding" value="UnicodeLittle"/>
    <property name="sun.stdout.encoding" value="cp437"/>
    <property name="sun.desktop" value="windows"/>
    <property name="sun.cpu.isalist" value="amd64"/>
  </properties>
  <testcase name="Given user is on the homepage" classname="| lyricalwhiz@mail.com | Automation_Testing | Daniel Adebayo |" time="0.001"/>
  <testcase name="Given user is on the homepage" classname="| lyricalwhiz@mail.com | Automation_Testing | Daniel Adebayo |" time="0"/>
  <testcase name="Given user is on the homepage" classname="| lyricalwhiz@mail.com | Automation_Testing | Daniel Adebayo |" time="0"/>
  <testcase name="Given user is on the homepage" classname="| lyricalwhiz@mail.com | Automation_Testing | Daniel Adebayo |" time="0"/>
  <testcase name="And I click on the sign in button" classname="| lyricalwhiz@mail.com | Automation_Testing | Daniel Adebayo |" time="0"/>
  <testcase name="And I click on the sign in button" classname="| lyricalwhiz@mail.com | Automation_Testing | Daniel Adebayo |" time="0"/>
  <testcase name="And I click on the sign in button" classname="| lyricalwhiz@mail.com | Automation_Testing | Daniel Adebayo |" time="0"/>
  <testcase name="And I click on the sign in button" classname="| lyricalwhiz@mail.com | Automation_Testing | Daniel Adebayo |" time="0"/>
  <testcase name="And I enter the email &quot;lyricalwhiz@mail.com&quot; address" classname="| lyricalwhiz@mail.com | Automation_Testing | Daniel Adebayo |" time="0"/>
  <testcase name="And I enter the email &quot;lyricalwhiz@mail.com&quot; address" classname="| lyricalwhiz@mail.com | Automation_Testing | Daniel Adebayo |" time="0"/>
  <testcase name="And I enter the email &quot;lyricalwhiz@mail.com&quot; address" classname="| lyricalwhiz@mail.com | Automation_Testing | Daniel Adebayo |" time="0"/>
  <testcase name="And I enter the email &quot;lyricalwhiz@mail.com&quot; address" classname="| lyricalwhiz@mail.com | Automation_Testing | Daniel Adebayo |" time="0"/>
  <testcase name="And I enter the password &quot;Automation_Testing&quot;" classname="| lyricalwhiz@mail.com | Automation_Testing | Daniel Adebayo |" time="0"/>
  <testcase name="And I enter the password &quot;Automation_Testing&quot;" classname="| lyricalwhiz@mail.com | Automation_Testing | Daniel Adebayo |" time="0"/>
  <testcase name="And I enter the password &quot;Automation_Testing&quot;" classname="| lyricalwhiz@mail.com | Automation_Testing | Daniel Adebayo |" time="0"/>
  <testcase name="And I enter the password &quot;Automation_Testing&quot;" classname="| lyricalwhiz@mail.com | Automation_Testing | Daniel Adebayo |" time="0.001"/>
  <testcase name="And I click on the login button" classname="| lyricalwhiz@mail.com | Automation_Testing | Daniel Adebayo |" time="0"/>
  <testcase name="And I click on the login button" classname="| lyricalwhiz@mail.com | Automation_Testing | Daniel Adebayo |" time="0"/>
  <testcase name="And I click on the login button" classname="| lyricalwhiz@mail.com | Automation_Testing | Daniel Adebayo |" time="0"/>
  <testcase name="And I click on the login button" classname="| lyricalwhiz@mail.com | Automation_Testing | Daniel Adebayo |" time="0"/>
  <testcase name="And I search for dress" classname="| lyricalwhiz@mail.com | Automation_Testing | Daniel Adebayo |" time="0"/>
  <testcase name="And I select dress from the list" classname="| lyricalwhiz@mail.com | Automation_Testing | Daniel Adebayo |" time="0"/>
  <testcase name="And I chose quantity, size and color required" classname="| lyricalwhiz@mail.com | Automation_Testing | Daniel Adebayo |" time="0"/>
  <testcase name="And I add items to cart" classname="| lyricalwhiz@mail.com | Automation_Testing | Daniel Adebayo |" time="0"/>
  <testcase name="And I click proceed to checkout" classname="| lyricalwhiz@mail.com | Automation_Testing | Daniel Adebayo |" time="0"/>
  <testcase name="And I viewed items summary and click proceed to checkout" classname="| lyricalwhiz@mail.com | Automation_Testing | Daniel Adebayo |" time="0"/>
  <testcase name="And I viewed billing, shipping adresses and click proceed to checkout" classname="| lyricalwhiz@mail.com | Automation_Testing | Daniel Adebayo |" time="0"/>
  <testcase name="And I checked box to accept terms of services and click proceed to checkout" classname="| lyricalwhiz@mail.com | Automation_Testing | Daniel Adebayo |" time="0"/>
  <testcase name="When I chose Check as mode of payment" classname="| lyricalwhiz@mail.com | Automation_Testing | Daniel Adebayo |" time="0"/>
  <testcase name="When I click confirm order" classname="| lyricalwhiz@mail.com | Automation_Testing | Daniel Adebayo |" time="0"/>
  <testcase name="Then I verify that the account name &quot;Daniel Adebayo&quot; is displayed" classname="| lyricalwhiz@mail.com | Automation_Testing | Daniel Adebayo |" time="0"/>
  <testcase name="Then I verify that the account name &quot;Daniel Adebayo&quot; is displayed" classname="| lyricalwhiz@mail.com | Automation_Testing | Daniel Adebayo |" time="0"/>
  <testcase name="Then I verify that the account name &quot;Daniel Adebayo&quot; is displayed" classname="| lyricalwhiz@mail.com | Automation_Testing | Daniel Adebayo |" time="0"/>
  <testcase name="Then I verify that the account name &quot;Daniel Adebayo&quot; is displayed" classname="| lyricalwhiz@mail.com | Automation_Testing | Daniel Adebayo |" time="0"/>
  <testcase name="And I sign out user" classname="| lyricalwhiz@mail.com | Automation_Testing | Daniel Adebayo |" time="0"/>
  <testcase name="And I sign out user" classname="| lyricalwhiz@mail.com | Automation_Testing | Daniel Adebayo |" time="0"/>
  <testcase name="Then I close down the browser" classname="| lyricalwhiz@mail.com | Automation_Testing | Daniel Adebayo |" time="0"/>
  <testcase name="Then I close down the browser" classname="| lyricalwhiz@mail.com | Automation_Testing | Daniel Adebayo |" time="0"/>
  <testcase name="| lyricalwhiz@mail.com | Automation_Testing | Daniel Adebayo |" classname="| lyricalwhiz@mail.com | Automation_Testing | Daniel Adebayo |" time="0.001"/>
  <testcase name="| lyricalwhiz@mail.com | Automation_Testing | Daniel Adebayo |" classname="| lyricalwhiz@mail.com | Automation_Testing | Daniel Adebayo |" time="0"/>
  <testcase name="| lyricalwhiz@mail.com | Automation_Testing | Daniel Adebayo |" classname="| lyricalwhiz@mail.com | Automation_Testing | Daniel Adebayo |" time="0"/>
  <testcase name="| lyricalwhiz@mail.com | Automation_Testing | Daniel Adebayo |" classname="| lyricalwhiz@mail.com | Automation_Testing | Daniel Adebayo |" time="0"/>
  <testcase name="Then I click on my ORDER HISTORY AND DETAILS" classname="| lyricalwhiz@mail.com | Automation_Testing | Daniel Adebayo |" time="0.001"/>
  <testcase name="And I assert text on all orders placed since account creation" classname="| lyricalwhiz@mail.com | Automation_Testing | Daniel Adebayo |" time="0"/>
  <testcase name="And I take a screenshot" classname="| lyricalwhiz@mail.com | Automation_Testing | Daniel Adebayo |" time="0"/>
  <testcase name="And I click on my first order to see the details" classname="| lyricalwhiz@mail.com | Automation_Testing | Daniel Adebayo |" time="0"/>
  <testcase name="And I confirm the order refference and date placed" classname="| lyricalwhiz@mail.com | Automation_Testing | Daniel Adebayo |" time="0"/>
  <testcase name="And I click on the Product tab so as to select the item size and colour" classname="| lyricalwhiz@mail.com | Automation_Testing | Daniel Adebayo |" time="0"/>
  <testcase name="When I Added a message into the info box provided" classname="| lyricalwhiz@mail.com | Automation_Testing | Daniel Adebayo |" time="0"/>
  <testcase name="Then I click Send" classname="| lyricalwhiz@mail.com | Automation_Testing | Daniel Adebayo |" time="0"/>
  <testcase name="Then I click the Contact us button" classname="| lyricalwhiz@mail.com | Automation_Testing | Daniel Adebayo |" time="0"/>
  <testcase name="And I click in the Subject Heading tab to select Customer service from the drop down menu" classname="| lyricalwhiz@mail.com | Automation_Testing | Daniel Adebayo |" time="0"/>
  <testcase name="And I click on the Order reference tab to select my latest order from the list" classname="| lyricalwhiz@mail.com | Automation_Testing | Daniel Adebayo |" time="0"/>
  <testcase name="And I click on the Product tab to select the item size and colour" classname="| lyricalwhiz@mail.com | Automation_Testing | Daniel Adebayo |" time="0"/>
  <testcase name="When I wrote inside the message box provide" classname="| lyricalwhiz@mail.com | Automation_Testing | Daniel Adebayo |" time="0"/>
  <testcase name="Then I click on the Send button" classname="| lyricalwhiz@mail.com | Automation_Testing | Daniel Adebayo |" time="0"/>
  <testcase name="Given user is on the homepage" classname="| lukebible@mail.com | InteliJ3 | Luke Bible |" time="0"/>
  <testcase name="Given user is on the homepage" classname="| lukebible@mail.com | InteliJ3 | Luke Bible |" time="0"/>
  <testcase name="And I click on the sign in button" classname="| lukebible@mail.com | InteliJ3 | Luke Bible |" time="0"/>
  <testcase name="And I click on the sign in button" classname="| lukebible@mail.com | InteliJ3 | Luke Bible |" time="0"/>
  <testcase name="When I click on forgot password link" classname="| lukebible@mail.com | InteliJ3 | Luke Bible |" time="0"/>
  <testcase name="And I enter the email &quot;lukebible@mail.com&quot; address" classname="| lukebible@mail.com | InteliJ3 | Luke Bible |" time="0"/>
  <testcase name="And I enter the email &quot;lukebible@mail.com&quot; address" classname="| lukebible@mail.com | InteliJ3 | Luke Bible |" time="0"/>
  <testcase name="And I click on Retrieve Password button" classname="| lukebible@mail.com | InteliJ3 | Luke Bible |" time="0"/>
  <testcase name="Then I Verify the given message" classname="| lukebible@mail.com | InteliJ3 | Luke Bible |" time="0"/>
  <testcase name="| lukebible@mail.com | InteliJ3 | Luke Bible |" classname="| lukebible@mail.com | InteliJ3 | Luke Bible |" time="0"/>
  <testcase name="| lukebible@mail.com | InteliJ3 | Luke Bible |" classname="| lukebible@mail.com | InteliJ3 | Luke Bible |" time="0"/>
  <testcase name="Given user is on the homepage" classname="| mathewbible@mail.com | InteliJ1 | Mathew Bible |" time="0"/>
  <testcase name="And I click on the sign in button" classname="| mathewbible@mail.com | InteliJ1 | Mathew Bible |" time="0"/>
  <testcase name="And I enter the email &quot;mathewbible@mail.com&quot; address" classname="| mathewbible@mail.com | InteliJ1 | Mathew Bible |" time="0"/>
  <testcase name="And I enter the password &quot;InteliJ1&quot;" classname="| mathewbible@mail.com | InteliJ1 | Mathew Bible |" time="0"/>
  <testcase name="And I click on the login button" classname="| mathewbible@mail.com | InteliJ1 | Mathew Bible |" time="0"/>
  <testcase name="Then I verify that the account name &quot;Mathew Bible&quot; is displayed" classname="| mathewbible@mail.com | InteliJ1 | Mathew Bible |" time="0"/>
  <testcase name="And I sign out user" classname="| mathewbible@mail.com | InteliJ1 | Mathew Bible |" time="0"/>
  <testcase name="Then I close down the browser" classname="| mathewbible@mail.com | InteliJ1 | Mathew Bible |" time="0"/>
  <testcase name="| mathewbible@mail.com | InteliJ1 | Mathew Bible |" classname="| mathewbible@mail.com | InteliJ1 | Mathew Bible |" time="0"/>
  <testcase name="Given user is on the homepage" classname="| markbible@mail.com | InteliJ2 | Mark Bible |" time="0"/>
  <testcase name="Given user is on the homepage" classname="| markbible@mail.com | InteliJ2 | Mark Bible |" time="0"/>
  <testcase name="And I click on the sign in button" classname="| markbible@mail.com | InteliJ2 | Mark Bible |" time="0"/>
  <testcase name="And I click on the sign in button" classname="| markbible@mail.com | InteliJ2 | Mark Bible |" time="0"/>
  <testcase name="And I enter the email &quot;markbible@mail.com&quot; address" classname="| markbible@mail.com | InteliJ2 | Mark Bible |" time="0"/>
  <testcase name="And I enter the email &quot;markbible@mail.com&quot; address" classname="| markbible@mail.com | InteliJ2 | Mark Bible |" time="0"/>
  <testcase name="And I enter the password &quot;InteliJ2&quot;" classname="| markbible@mail.com | InteliJ2 | Mark Bible |" time="0"/>
  <testcase name="And I enter the password &quot;InteliJ2&quot;" classname="| markbible@mail.com | InteliJ2 | Mark Bible |" time="0"/>
  <testcase name="And I click on the login button" classname="| markbible@mail.com | InteliJ2 | Mark Bible |" time="0"/>
  <testcase name="And I click on the login button" classname="| markbible@mail.com | InteliJ2 | Mark Bible |" time="0"/>
  <testcase name="Then I verify that the account name &quot;Mark Bible&quot; is displayed" classname="| markbible@mail.com | InteliJ2 | Mark Bible |" time="0"/>
  <testcase name="Then I verify that the account name &quot;Mark Bible&quot; is displayed" classname="| markbible@mail.com | InteliJ2 | Mark Bible |" time="0">
    <skipped/>
  </testcase>
  <testcase name="And I sign out user" classname="| markbible@mail.com | InteliJ2 | Mark Bible |" time="0"/>
  <testcase name="And I sign out user" classname="| markbible@mail.com | InteliJ2 | Mark Bible |" time="0">
    <skipped/>
  </testcase>
  <testcase name="Then I close down the browser" classname="| markbible@mail.com | InteliJ2 | Mark Bible |" time="0"/>
  <testcase name="Then I close down the browser" classname="| markbible@mail.com | InteliJ2 | Mark Bible |" time="0">
    <skipped/>
  </testcase>
  <testcase name="| markbible@mail.com | InteliJ2 | Mark Bible |" classname="| markbible@mail.com | InteliJ2 | Mark Bible |" time="0"/>
  <testcase name="| markbible@mail.com | InteliJ2 | Mark Bible |" classname="| markbible@mail.com | InteliJ2 | Mark Bible |" time="0.016">
    <failure message="expected:&lt;You have not [received any credit slip]s.&gt; but was:&lt;You have not [placed any order]s.&gt;" type="org.junit.ComparisonFailure"><![CDATA[org.junit.ComparisonFailure: expected:<You have not [received any credit slip]s.> but was:<You have not [placed any order]s.>
]]></failure>
  </testcase>
  <testcase name="And I enter the password &quot;InteliJ3&quot;" classname="| lukebible@mail.com | InteliJ3 | Luke Bible |" time="0"/>
  <testcase name="And I click on the login button" classname="| lukebible@mail.com | InteliJ3 | Luke Bible |" time="0"/>
  <testcase name="Then I verify that the account name &quot;Luke Bible&quot; is displayed" classname="| lukebible@mail.com | InteliJ3 | Luke Bible |" time="0"/>
  <testcase name="And I sign out user" classname="| lukebible@mail.com | InteliJ3 | Luke Bible |" time="0"/>
  <testcase name="Then I close down the browser" classname="| lukebible@mail.com | InteliJ3 | Luke Bible |" time="0"/>
  <testcase name="Given user is on the homepage" classname="| johnbible@mail.com | InteliJ4 | John Bible |" time="0"/>
  <testcase name="And I click on the sign in button" classname="| johnbible@mail.com | InteliJ4 | John Bible |" time="0"/>
  <testcase name="And I enter the email &quot;johnbible@mail.com&quot; address" classname="| johnbible@mail.com | InteliJ4 | John Bible |" time="0"/>
  <testcase name="And I enter the password &quot;InteliJ4&quot;" classname="| johnbible@mail.com | InteliJ4 | John Bible |" time="0"/>
  <testcase name="And I click on the login button" classname="| johnbible@mail.com | InteliJ4 | John Bible |" time="0"/>
  <testcase name="Then I verify that the account name &quot;John Bible&quot; is displayed" classname="| johnbible@mail.com | InteliJ4 | John Bible |" time="0"/>
  <testcase name="And I sign out user" classname="| johnbible@mail.com | InteliJ4 | John Bible |" time="0"/>
  <testcase name="Then I close down the browser" classname="| johnbible@mail.com | InteliJ4 | John Bible |" time="0"/>
  <testcase name="| johnbible@mail.com | InteliJ4 | John Bible |" classname="| johnbible@mail.com | InteliJ4 | John Bible |" time="0"/>
  <testcase name="When I click on the MY CREDIT SLIPS button" classname="| markbible@mail.com | InteliJ2 | Mark Bible |" time="0"/>
  <testcase name="Then I verify the message within and take a screen shot" classname="| markbible@mail.com | InteliJ2 | Mark Bible |" time="0.008">
    <failure message="expected:&lt;You have not [received any credit slip]s.&gt; but was:&lt;You have not [placed any order]s.&gt;" type="org.junit.ComparisonFailure"><![CDATA[org.junit.ComparisonFailure: expected:<You have not [received any credit slip]s.> but was:<You have not [placed any order]s.>
]]></failure>
  </testcase>
</testsuite>